#
# There is insufficient memory for the Java Runtime Environment to continue.
# Native memory allocation (mmap) failed to map 266338304 bytes for G1 virtual space
# Possible reasons:
#   The system is out of physical RAM or swap space
#   The process is running with CompressedOops enabled, and the Java Heap may be blocking the growth of the native heap
# Possible solutions:
#   Reduce memory load on the system
#   Increase physical memory or swap space
#   Check if swap backing store is full
#   Decrease Java heap size (-Xmx/-Xms)
#   Decrease number of Java threads
#   Decrease Java thread stack sizes (-Xss)
#   Set larger code cache with -XX:ReservedCodeCacheSize=
#   JVM is running with Zero Based Compressed Oops mode in which the Java heap is
#     placed in the first 32GB address space. The Java Heap base address is the
#     maximum limit for the native heap growth. Please use -XX:HeapBaseMinAddress
#     to set the Java Heap base and to place the Java Heap above 32GB virtual address.
# This output file may be truncated or incomplete.
#
#  Out of Memory Error (os_windows.cpp:3825), pid=27244, tid=21712
#
# JRE version:  (17.0.10) (build )
# Java VM: OpenJDK 64-Bit Server VM (17.0.10+0--11572160, mixed mode, sharing, tiered, compressed oops, compressed class ptrs, g1 gc, windows-amd64)
# No core dump will be written. Minidumps are not enabled by default on client versions of Windows
#

---------------  S U M M A R Y ------------

Command Line: org.jetbrains.kotlin.cli.jvm.K2JVMCompiler @C:\Users\Resma Adi\AndroidStudioProjects\aktivio-android\app\build\20240614_3490519748005722519.compiler.options

Host: AMD Ryzen 5 5500                               , 12 cores, 15G,  Windows 11 , 64 bit Build 22621 (10.0.22621.3672)
Time: Fri Jun 14 19:40:24 2024 SE Asia Standard Time elapsed time: 0.007206 seconds (0d 0h 0m 0s)

---------------  T H R E A D  ---------------

Current thread (0x000001c49fa2d610):  JavaThread "Unknown thread" [_thread_in_vm, id=21712, stack(0x00000066d3400000,0x00000066d3500000)]

Stack: [0x00000066d3400000,0x00000066d3500000]
Native frames: (J=compiled Java code, j=interpreted, Vv=VM code, C=native code)
V  [jvm.dll+0x688e89]
V  [jvm.dll+0x84247a]
V  [jvm.dll+0x8440be]
V  [jvm.dll+0x844723]
V  [jvm.dll+0x24be0f]
V  [jvm.dll+0x685c59]
V  [jvm.dll+0x67a50a]
V  [jvm.dll+0x30cbab]
V  [jvm.dll+0x314056]
V  [jvm.dll+0x363dce]
V  [jvm.dll+0x363fff]
V  [jvm.dll+0x2e2978]
V  [jvm.dll+0x2e38e4]
V  [jvm.dll+0x813011]
V  [jvm.dll+0x371c81]
V  [jvm.dll+0x7f1b66]
V  [jvm.dll+0x3f58df]
V  [jvm.dll+0x3f7511]
C  [jli.dll+0x528f]
C  [ucrtbase.dll+0x29333]
C  [KERNEL32.DLL+0x1257d]
C  [ntdll.dll+0x5af28]


---------------  P R O C E S S  ---------------

Threads class SMR info:
_java_thread_list=0x00007ff85f20ef58, length=0, elements={
}

Java Threads: ( => current thread )

Other Threads:
  0x000001c49fa9c800 GCTaskThread "GC Thread#0" [stack: 0x00000066d3500000,0x00000066d3600000] [id=23640]
  0x000001c49faad550 ConcurrentGCThread "G1 Main Marker" [stack: 0x00000066d3600000,0x00000066d3700000] [id=23864]
  0x000001c49faae710 ConcurrentGCThread "G1 Conc#0" [stack: 0x00000066d3700000,0x00000066d3800000] [id=5924]

[error occurred during error reporting (printing all threads), id 0xc0000005, EXCEPTION_ACCESS_VIOLATION (0xc0000005) at pc=0x00007ff85e9c3547]

VM state: not at safepoint (not fully initialized)

VM Mutex/Monitor currently owned by a thread:  ([mutex/lock_event])
[0x000001c49fa29020] Heap_lock - owner thread: 0x000001c49fa2d610

Heap address: 0x0000000702000000, size: 4064 MB, Compressed Oops mode: Zero based, Oop shift amount: 3

CDS archive(s) mapped at: [0x0000000000000000-0x0000000000000000-0x0000000000000000), size 0, SharedBaseAddress: 0x0000000800000000, ArchiveRelocationMode: 1.
Narrow klass base: 0x0000000000000000, Narrow klass shift: 0, Narrow klass range: 0x0

GC Precious Log:
<Empty>

Heap:
 garbage-first heap   total 0K, used 0K [0x0000000702000000, 0x0000000800000000)
  region size 2048K, 0 young (0K), 0 survivors (0K)
 Metaspace       used 0K, committed 0K, reserved 0K
  class space    used 0K, committed 0K, reserved 0K

Heap Regions: E=young(eden), S=young(survivor), O=old, HS=humongous(starts), HC=humongous(continues), CS=collection set, F=free, OA=open archive, CA=closed archive, TAMS=top-at-mark-start (previous, next)

Card table byte_map: [0x000001c4b2c50000,0x000001c4b3440000] _byte_map_base: 0x000001c4af440000

Marking Bits (Prev, Next): (CMBitMap*) 0x000001c49fa9ce20, (CMBitMap*) 0x000001c49fa9ce60
 Prev Bits: [0x000001c4b3c30000, 0x000001c4b7bb0000)
 Next Bits: [0x000001c4b7bb0000, 0x000001c4bbb30000)

GC Heap History (0 events):
No events

Dll operation events (1 events):
Event: 0.004 Loaded shared library C:\Program Files\Android\Android Studio\jbr\bin\java.dll

Deoptimization events (0 events):
No events

Classes unloaded (0 events):
No events

Classes redefined (0 events):
No events

Internal exceptions (0 events):
No events

VM Operations (0 events):
No events

Events (0 events):
No events


Dynamic libraries:
0x00007ff71b250000 - 0x00007ff71b25a000 	C:\Program Files\Android\Android Studio\jbr\bin\java.exe
0x00007ff8b5a90000 - 0x00007ff8b5ca7000 	C:\Windows\SYSTEM32\ntdll.dll
0x00007ff8b37d0000 - 0x00007ff8b3894000 	C:\Windows\System32\KERNEL32.DLL
0x00007ff8b2dc0000 - 0x00007ff8b316c000 	C:\Windows\System32\KERNELBASE.dll
0x00007ff8b3170000 - 0x00007ff8b3281000 	C:\Windows\System32\ucrtbase.dll
0x00007ff89ef90000 - 0x00007ff89efa7000 	C:\Program Files\Android\Android Studio\jbr\bin\jli.dll
0x00007ff89d140000 - 0x00007ff89d15b000 	C:\Program Files\Android\Android Studio\jbr\bin\VCRUNTIME140.dll
0x00007ff8b3ca0000 - 0x00007ff8b3e4e000 	C:\Windows\System32\USER32.dll
0x00007ff8b3610000 - 0x00007ff8b3636000 	C:\Windows\System32\win32u.dll
0x00007ff8a3640000 - 0x00007ff8a38d3000 	C:\Windows\WinSxS\amd64_microsoft.windows.common-controls_6595b64144ccf1df_6.0.22621.3672_none_2713b9d173822955\COMCTL32.dll
0x00007ff8b5110000 - 0x00007ff8b5139000 	C:\Windows\System32\GDI32.dll
0x00007ff8b34f0000 - 0x00007ff8b3609000 	C:\Windows\System32\gdi32full.dll
0x00007ff8b4d00000 - 0x00007ff8b4da7000 	C:\Windows\System32\msvcrt.dll
0x00007ff8b3670000 - 0x00007ff8b370a000 	C:\Windows\System32\msvcp_win.dll
0x00007ff8b42a0000 - 0x00007ff8b42d1000 	C:\Windows\System32\IMM32.DLL
0x00007ff8a2a70000 - 0x00007ff8a2a7c000 	C:\Program Files\Android\Android Studio\jbr\bin\vcruntime140_1.dll
0x00007ff8944c0000 - 0x00007ff89454d000 	C:\Program Files\Android\Android Studio\jbr\bin\msvcp140.dll
0x00007ff85e6d0000 - 0x00007ff85f353000 	C:\Program Files\Android\Android Studio\jbr\bin\server\jvm.dll
0x00007ff8b4190000 - 0x00007ff8b4242000 	C:\Windows\System32\ADVAPI32.dll
0x00007ff8b3b90000 - 0x00007ff8b3c3a000 	C:\Windows\System32\sechost.dll
0x00007ff8b3640000 - 0x00007ff8b3668000 	C:\Windows\System32\bcrypt.dll
0x00007ff8b38c0000 - 0x00007ff8b39d5000 	C:\Windows\System32\RPCRT4.dll
0x00007ff8b2c80000 - 0x00007ff8b2ccd000 	C:\Windows\SYSTEM32\POWRPROF.dll
0x00007ff8aef30000 - 0x00007ff8aef64000 	C:\Windows\SYSTEM32\WINMM.dll
0x00007ff8ae060000 - 0x00007ff8ae069000 	C:\Windows\SYSTEM32\WSOCK32.dll
0x00007ff8ac6c0000 - 0x00007ff8ac6ca000 	C:\Windows\SYSTEM32\VERSION.dll
0x00007ff8b4dc0000 - 0x00007ff8b4e31000 	C:\Windows\System32\WS2_32.dll
0x00007ff8b2c60000 - 0x00007ff8b2c73000 	C:\Windows\SYSTEM32\UMPDC.dll
0x00007ff8b1df0000 - 0x00007ff8b1e08000 	C:\Windows\SYSTEM32\kernel.appcore.dll
0x00007ff8a3610000 - 0x00007ff8a361a000 	C:\Program Files\Android\Android Studio\jbr\bin\jimage.dll
0x00007ff8ab5a0000 - 0x00007ff8ab7d2000 	C:\Windows\SYSTEM32\DBGHELP.DLL
0x00007ff8b4870000 - 0x00007ff8b4bf8000 	C:\Windows\System32\combase.dll
0x00007ff8b40b0000 - 0x00007ff8b4187000 	C:\Windows\System32\OLEAUT32.dll
0x00007ff896cf0000 - 0x00007ff896d22000 	C:\Windows\SYSTEM32\dbgcore.DLL
0x00007ff8b3290000 - 0x00007ff8b330b000 	C:\Windows\System32\bcryptPrimitives.dll
0x00007ff89f740000 - 0x00007ff89f765000 	C:\Program Files\Android\Android Studio\jbr\bin\java.dll

dbghelp: loaded successfully - version: 4.0.5 - missing functions: none
symbol engine: initialized successfully - sym options: 0x614 - pdb path: .;C:\Program Files\Android\Android Studio\jbr\bin;C:\Windows\SYSTEM32;C:\Windows\WinSxS\amd64_microsoft.windows.common-controls_6595b64144ccf1df_6.0.22621.3672_none_2713b9d173822955;C:\Program Files\Android\Android Studio\jbr\bin\server

VM Arguments:
java_command: org.jetbrains.kotlin.cli.jvm.K2JVMCompiler @C:\Users\Resma Adi\AndroidStudioProjects\aktivio-android\app\build\20240614_3490519748005722519.compiler.options
java_class_path (initial): C:\Users\Resma Adi\.gradle\caches\modules-2\files-2.1\org.jetbrains.kotlin\kotlin-compiler-embeddable\1.9.0\2c8c3a7402becca891f12739b3e9fd2dc2adbd7a\kotlin-compiler-embeddable-1.9.0.jar;C:\Users\Resma Adi\.gradle\caches\modules-2\files-2.1\org.jetbrains.kotlin\kotlin-stdlib\1.9.0\8ee15ef0c67dc83d874f412d84378d7f0eb50b63\kotlin-stdlib-1.9.0.jar;C:\Users\Resma Adi\.gradle\caches\modules-2\files-2.1\org.jetbrains.kotlin\kotlin-script-runtime\1.9.0\4b3102cbbb7e1b58d9d1adf89563f00069ffa7d1\kotlin-script-runtime-1.9.0.jar;C:\Users\Resma Adi\.gradle\caches\modules-2\files-2.1\org.jetbrains.kotlin\kotlin-reflect\1.6.10\1cbe9c92c12a94eea200d23c2bbaedaf3daf5132\kotlin-reflect-1.6.10.jar;C:\Users\Resma Adi\.gradle\caches\modules-2\files-2.1\org.jetbrains.kotlin\kotlin-daemon-embeddable\1.9.0\186543f5e28cf8d9a0290fecc2cf34301c40a65c\kotlin-daemon-embeddable-1.9.0.jar;C:\Users\Resma Adi\.gradle\caches\modules-2\files-2.1\org.jetbrains.intellij.deps\trove4j\1.0.20200330\3afb14d5f9ceb459d724e907a21145e8ff394f02\trove4j-1.0.20200330.jar;C:\Users\Resma Adi\.gradle\caches\modules-2\files-2.1\org.jetbrains.kotlin\kotlin-stdlib-common\1.9.0\cd65c21cfd1eec4d44ef09f9f52b6d9f8a720636\kotlin-stdlib-common-1.9.0.jar;C:\Users\Resma Adi\.gradle\caches\modules-2\files-2.1\org.jetbrains\annotations\13.0\919f0dfe192fb4e063e7dacadee7f8bb9a2672a9\annotations-13.0.jar
Launcher Type: SUN_STANDARD

[Global flags]
     intx CICompilerCount                          = 4                                         {product} {ergonomic}
     uint ConcGCThreads                            = 3                                         {product} {ergonomic}
     uint G1ConcRefinementThreads                  = 10                                        {product} {ergonomic}
   size_t G1HeapRegionSize                         = 2097152                                   {product} {ergonomic}
    uintx GCDrainStackTargetSize                   = 64                                        {product} {ergonomic}
   size_t InitialHeapSize                          = 266338304                                 {product} {ergonomic}
   size_t MarkStackSize                            = 4194304                                   {product} {ergonomic}
   size_t MaxHeapSize                              = 4261412864                                {product} {ergonomic}
   size_t MinHeapDeltaBytes                        = 2097152                                   {product} {ergonomic}
   size_t MinHeapSize                              = 8388608                                   {product} {ergonomic}
    uintx NonNMethodCodeHeapSize                   = 5839372                                {pd product} {ergonomic}
    uintx NonProfiledCodeHeapSize                  = 122909434                              {pd product} {ergonomic}
    uintx ProfiledCodeHeapSize                     = 122909434                              {pd product} {ergonomic}
    uintx ReservedCodeCacheSize                    = 251658240                              {pd product} {ergonomic}
     bool SegmentedCodeCache                       = true                                      {product} {ergonomic}
   size_t SoftMaxHeapSize                          = 4261412864                             {manageable} {ergonomic}
     bool UseCompressedClassPointers               = true                           {product lp64_product} {ergonomic}
     bool UseCompressedOops                        = true                           {product lp64_product} {ergonomic}
     bool UseG1GC                                  = true                                      {product} {ergonomic}
     bool UseLargePagesIndividualAllocation        = false                                  {pd product} {ergonomic}

Logging:
Log output configuration:
 #0: stdout all=warning uptime,level,tags
 #1: stderr all=off uptime,level,tags

Environment Variables:
PATH=C:\Program Files\Common Files\Oracle\Java\javapath;C:\Windows\system32;C:\Windows;C:\Windows\System32\Wbem;C:\Windows\System32\WindowsPowerShell\v1.0\;C:\Windows\System32\OpenSSH\;C:\Program Files (x86)\NVIDIA Corporation\PhysX\Common;C:\Program Files\NVIDIA Corporation\NVIDIA NvDLISR;C:\Program Files\Git\cmd;E:\flutter\bin;C:\Program Files\nodejs\;C:\Program Files\Cloudflare\Cloudflare WARP\;C:\ProgramData\anaconda3\Scripts;C:\Users\Resma Adi\AppData\Local\Microsoft\WindowsApps;C:\Users\Resma Adi\AppData\Local\Programs\Microsoft VS Code\bin;E:\flutter\bin;C:\Users\Resma Adi\AppData\Local\Pub\Cache\bin;C:\Users\Resma Adi\AppData\Roaming\npm;C:\ProgramData\anaconda3\Scripts;
USERNAME=Resma Adi
OS=Windows_NT
PROCESSOR_IDENTIFIER=AMD64 Family 25 Model 80 Stepping 0, AuthenticAMD
TMP=C:\Users\RESMAA~1\AppData\Local\Temp
TEMP=C:\Users\RESMAA~1\AppData\Local\Temp



Periodic native trim disabled

JNI global refs:
JNI global refs: 0, weak refs: 0

JNI global refs memory usage: 0, weak refs: 0

OOME stack traces (most recent first):
Classloader memory used:


---------------  S Y S T E M  ---------------

OS:
 Windows 11 , 64 bit Build 22621 (10.0.22621.3672)
OS uptime: 2 days 4:31 hours

CPU: total 12 (initial active 12) (12 cores per cpu, 2 threads per core) family 25 model 80 stepping 0 microcode 0x0, cx8, cmov, fxsr, ht, mmx, 3dnowpref, sse, sse2, sse3, ssse3, sse4a, sse4.1, sse4.2, popcnt, lzcnt, tsc, tscinvbit, avx, avx2, aes, erms, clmul, bmi1, bmi2, adx, sha, fma, vzeroupper, clflush, clflushopt
Processor Information for all 12 processors :
  Max Mhz: 3600, Current Mhz: 3600, Mhz Limit: 3600

Memory: 4k page, system-wide physical 16255M (451M free)
TotalPageFile size 30564M (AvailPageFile size 204M)
current process WorkingSet (physical memory assigned to process): 12M, peak: 12M
current process commit charge ("private bytes"): 64M, peak: 318M

vm_info: OpenJDK 64-Bit Server VM (17.0.10+0--11572160) for windows-amd64 JRE (17.0.10+0--11572160), built on Mar 13 2024 23:56:38 by "androidbuild" with MS VC++ 16.10 / 16.11 (VS2019)

END.
